2025-08-10T12:06:08.484-03:00  INFO 10992 --- [sghss] [main] com.vidaplus.sghss.Application           : Starting Application using Java 21.0.1 with PID 10992 (E:\Libraries\Documents\Facul\2025\Project\Code\vidaplus_sghss\target\classes started by Cleiton Rasta in E:\Libraries\Documents\Facul\2025\Project\Code\vidaplus_sghss)
2025-08-10T12:06:08.498-03:00  INFO 10992 --- [sghss] [main] com.vidaplus.sghss.Application           : No active profile set, falling back to 1 default profile: "default"
2025-08-10T12:06:10.360-03:00  INFO 10992 --- [sghss] [main] .s.d.r.c.RepositoryConfigurationDelegate : Bootstrapping Spring Data JPA repositories in DEFAULT mode.
2025-08-10T12:06:10.492-03:00  INFO 10992 --- [sghss] [main] .s.d.r.c.RepositoryConfigurationDelegate : Finished Spring Data repository scanning in 114 ms. Found 5 JPA repository interfaces.
2025-08-10T12:06:12.094-03:00  INFO 10992 --- [sghss] [main] o.s.b.w.embedded.tomcat.TomcatWebServer  : Tomcat initialized with port 8080 (http)
2025-08-10T12:06:12.116-03:00  INFO 10992 --- [sghss] [main] o.apache.catalina.core.StandardService   : Starting service [Tomcat]
2025-08-10T12:06:12.117-03:00  INFO 10992 --- [sghss] [main] o.apache.catalina.core.StandardEngine    : Starting Servlet engine: [Apache Tomcat/10.1.39]
2025-08-10T12:06:12.276-03:00  INFO 10992 --- [sghss] [main] o.a.c.c.C.[.[localhost].[/vidaplus]      : Initializing Spring embedded WebApplicationContext
2025-08-10T12:06:12.276-03:00  INFO 10992 --- [sghss] [main] w.s.c.ServletWebServerApplicationContext : Root WebApplicationContext: initialization completed in 3690 ms
2025-08-10T12:06:12.580-03:00  INFO 10992 --- [sghss] [main] o.hibernate.jpa.internal.util.LogHelper  : HHH000204: Processing PersistenceUnitInfo [name: default]
2025-08-10T12:06:12.717-03:00  INFO 10992 --- [sghss] [main] org.hibernate.Version                    : HHH000412: Hibernate ORM core version 6.6.11.Final
2025-08-10T12:06:12.801-03:00  INFO 10992 --- [sghss] [main] o.h.c.internal.RegionFactoryInitiator    : HHH000026: Second-level cache disabled
2025-08-10T12:06:13.384-03:00  INFO 10992 --- [sghss] [main] o.s.o.j.p.SpringPersistenceUnitInfo      : No LoadTimeWeaver setup: ignoring JPA class transformer
2025-08-10T12:06:13.443-03:00  INFO 10992 --- [sghss] [main] com.zaxxer.hikari.HikariDataSource       : HikariPool-1 - Starting...
2025-08-10T12:06:14.410-03:00  INFO 10992 --- [sghss] [main] com.zaxxer.hikari.pool.HikariPool        : HikariPool-1 - Added connection com.mysql.cj.jdbc.ConnectionImpl@1ed9d173
2025-08-10T12:06:14.414-03:00  INFO 10992 --- [sghss] [main] com.zaxxer.hikari.HikariDataSource       : HikariPool-1 - Start completed.
2025-08-10T12:06:14.514-03:00  WARN 10992 --- [sghss] [main] org.hibernate.orm.deprecation            : HHH90000025: MySQLDialect does not need to be specified explicitly using 'hibernate.dialect' (remove the property setting and it will be selected by default)
2025-08-10T12:06:14.551-03:00  INFO 10992 --- [sghss] [main] org.hibernate.orm.connections.pooling    : HHH10001005: Database info:
	Database JDBC URL [Connecting through datasource 'HikariDataSource (HikariPool-1)']
	Database driver: undefined/unknown
	Database version: 8.0.37
	Autocommit mode: undefined/unknown
	Isolation level: undefined/unknown
	Minimum pool size: undefined/unknown
	Maximum pool size: undefined/unknown
2025-08-10T12:06:16.111-03:00  INFO 10992 --- [sghss] [main] o.h.e.t.j.p.i.JtaPlatformInitiator       : HHH000489: No JTA platform available (set 'hibernate.transaction.jta.platform' to enable JTA platform integration)
2025-08-10T12:06:16.267-03:00  INFO 10992 --- [sghss] [main] j.LocalContainerEntityManagerFactoryBean : Initialized JPA EntityManagerFactory for persistence unit 'default'
2025-08-10T12:06:17.097-03:00  INFO 10992 --- [sghss] [main] eAuthenticationProviderManagerConfigurer : Global AuthenticationManager configured with AuthenticationProvider bean with name authenticationProvider
2025-08-10T12:06:17.098-03:00  WARN 10992 --- [sghss] [main] r$InitializeUserDetailsManagerConfigurer : Global AuthenticationManager configured with an AuthenticationProvider bean. UserDetailsService beans will not be used by Spring Security for automatically configuring username/password login. Consider removing the AuthenticationProvider bean. Alternatively, consider using the UserDetailsService in a manually instantiated DaoAuthenticationProvider. If the current configuration is intentional, to turn off this warning, increase the logging level of 'org.springframework.security.config.annotation.authentication.configuration.InitializeUserDetailsBeanManagerConfigurer' to ERROR
2025-08-10T12:06:17.229-03:00  WARN 10992 --- [sghss] [main] JpaBaseConfiguration$JpaWebConfiguration : spring.jpa.open-in-view is enabled by default. Therefore, database queries may be performed during view rendering. Explicitly configure spring.jpa.open-in-view to disable this warning
2025-08-10T12:06:17.803-03:00 DEBUG 10992 --- [sghss] [main] o.s.s.web.DefaultSecurityFilterChain     : Will secure any request with filters: DisableEncodeUrlFilter, WebAsyncManagerIntegrationFilter, SecurityContextHolderFilter, HeaderWriterFilter, LogoutFilter, JwtRequestFilter, RequestCacheAwareFilter, SecurityContextHolderAwareRequestFilter, AnonymousAuthenticationFilter, SessionManagementFilter, ExceptionTranslationFilter, AuthorizationFilter
2025-08-10T12:06:18.207-03:00  INFO 10992 --- [sghss] [main] o.s.b.w.embedded.tomcat.TomcatWebServer  : Tomcat started on port 8080 (http) with context path '/vidaplus'
2025-08-10T12:06:18.219-03:00  INFO 10992 --- [sghss] [main] com.vidaplus.sghss.Application           : Started Application in 10.717 seconds (process running for 16.103)
2025-08-10T12:06:25.532-03:00  INFO 10992 --- [sghss] [http-nio-8080-exec-1] o.a.c.c.C.[.[localhost].[/vidaplus]      : Initializing Spring DispatcherServlet 'dispatcherServlet'
2025-08-10T12:06:25.533-03:00  INFO 10992 --- [sghss] [http-nio-8080-exec-1] o.s.web.servlet.DispatcherServlet        : Initializing Servlet 'dispatcherServlet'
2025-08-10T12:06:25.534-03:00  INFO 10992 --- [sghss] [http-nio-8080-exec-1] o.s.web.servlet.DispatcherServlet        : Completed initialization in 1 ms
2025-08-10T12:06:25.559-03:00 DEBUG 10992 --- [sghss] [http-nio-8080-exec-1] o.s.security.web.FilterChainProxy        : Securing POST /patients/login
2025-08-10T12:06:25.570-03:00 DEBUG 10992 --- [sghss] [http-nio-8080-exec-1] o.s.s.w.a.AnonymousAuthenticationFilter  : Set SecurityContextHolder to anonymous SecurityContext
2025-08-10T12:06:25.572-03:00 DEBUG 10992 --- [sghss] [http-nio-8080-exec-1] o.s.security.web.FilterChainProxy        : Secured POST /patients/login
2025-08-10T12:06:26.127-03:00 DEBUG 10992 --- [sghss] [http-nio-8080-exec-1] o.s.s.a.dao.DaoAuthenticationProvider    : Failed to authenticate since password does not match stored value
2025-08-10T12:06:26.128-03:00  WARN 10992 --- [sghss] [http-nio-8080-exec-1] c.v.sghss.controller.PatientController   : Falha ao realizar o login pelo e-mail: Riku@email.com
2025-08-10T12:17:54.917-03:00  INFO 10992 --- [sghss] [SpringApplicationShutdownHook] o.s.b.w.e.tomcat.GracefulShutdown        : Commencing graceful shutdown. Waiting for active requests to complete
2025-08-10T12:17:54.929-03:00  INFO 10992 --- [sghss] [tomcat-shutdown] o.s.b.w.e.tomcat.GracefulShutdown        : Graceful shutdown complete
2025-08-10T12:17:54.935-03:00  INFO 10992 --- [sghss] [SpringApplicationShutdownHook] j.LocalContainerEntityManagerFactoryBean : Closing JPA EntityManagerFactory for persistence unit 'default'
2025-08-10T12:17:54.938-03:00  INFO 10992 --- [sghss] [SpringApplicationShutdownHook] com.zaxxer.hikari.HikariDataSource       : HikariPool-1 - Shutdown initiated...
2025-08-10T12:17:54.968-03:00  INFO 10992 --- [sghss] [SpringApplicationShutdownHook] com.zaxxer.hikari.HikariDataSource       : HikariPool-1 - Shutdown completed.
